# JRE version: OpenJDK Runtime Environment Temurin-25.0.1+8 (25.0.1+8) (build 25.0.1+8-LTS)
# Java VM: OpenJDK 64-Bit Server VM Temurin-25.0.1+8 (25.0.1+8-LTS, mixed mode, sharing, tiered, compressed oops, compressed class ptrs, g1 gc, windows-amd64)
GC Precious Log:
 CardTable entry size: 512
 Card Set container configuration: InlinePtr #cards 5 size 8 Array Of Cards #cards 10 size 36 Howl #buckets 4 coarsen threshold 1843 Howl Bitmap #cards 512 size 80 coarsen threshold 460 Card regions per heap region 1 cards per card region 2048
 CPUs: 8 total, 8 available
 Memory: 7982M
 Large Page Support: Disabled
 NUMA Support: Disabled
 Compressed Oops: Enabled (32-bit)
 Heap Region Size: 1M
 Heap Min Capacity: 128M
 Heap Initial Capacity: 128M
 Heap Max Capacity: 512M
 Pre-touch: Disabled
 Parallel Workers: 8
 Concurrent Workers: 2
 Concurrent Refinement Workers: 8
 Periodic GC: Disabled
Heap:
 garbage-first heap   total reserved 524288K, committed 133120K, used 65114K [0x00000000e0000000, 0x0000000100000000)
  region size 1024K, 49 young (50176K), 1 survivors (1024K)
GC Heap Usage History (10 events):
Event: 0.754 {heap Before GC invocations=0 (full 0):
 garbage-first heap   total reserved 524288K, committed 133120K, used 49299K [0x00000000e0000000, 0x0000000100000000)
  region size 1024K, 47 young (48128K), 0 survivors (0K)
}
Event: 0.764 {heap After GC invocations=1 (full 0):
 garbage-first heap   total reserved 524288K, committed 133120K, used 10131K [0x00000000e0000000, 0x0000000100000000)
  region size 1024K, 6 young (6144K), 6 survivors (6144K)
}
Event: 9.654 {heap Before GC invocations=1 (full 0):
 garbage-first heap   total reserved 524288K, committed 133120K, used 69523K [0x00000000e0000000, 0x0000000100000000)
  region size 1024K, 58 young (59392K), 6 survivors (6144K)
}
Event: 9.663 {heap After GC invocations=2 (full 0):
 garbage-first heap   total reserved 524288K, committed 133120K, used 23238K [0x00000000e0000000, 0x0000000100000000)
  region size 1024K, 7 young (7168K), 7 survivors (7168K)
}
Event: 36.706 {heap Before GC invocations=2 (full 0):
 garbage-first heap   total reserved 524288K, committed 133120K, used 81606K [0x00000000e0000000, 0x0000000100000000)
  region size 1024K, 64 young (65536K), 7 survivors (7168K)
}
Event: 36.709 {heap After GC invocations=3 (full 0):
 garbage-first heap   total reserved 524288K, committed 133120K, used 17826K [0x00000000e0000000, 0x0000000100000000)
  region size 1024K, 2 young (2048K), 2 survivors (2048K)
}
Event: 72.792 {heap Before GC invocations=3 (full 0):
 garbage-first heap   total reserved 524288K, committed 133120K, used 91554K [0x00000000e0000000, 0x0000000100000000)
  region size 1024K, 74 young (75776K), 2 survivors (2048K)
}
Event: 72.793 {heap After GC invocations=4 (full 0):
 garbage-first heap   total reserved 524288K, committed 133120K, used 17023K [0x00000000e0000000, 0x0000000100000000)
  region size 1024K, 1 young (1024K), 1 survivors (1024K)
}
Event: 103.385 {heap Before GC invocations=4 (full 0):
 garbage-first heap   total reserved 524288K, committed 133120K, used 93823K [0x00000000e0000000, 0x0000000100000000)
  region size 1024K, 76 young (77824K), 1 survivors (1024K)
}
Event: 103.387 {heap After GC invocations=5 (full 0):
 garbage-first heap   total reserved 524288K, committed 133120K, used 16986K [0x00000000e0000000, 0x0000000100000000)
  region size 1024K, 1 young (1024K), 1 survivors (1024K)
}

