# JRE version: OpenJDK Runtime Environment Temurin-25.0.1+8 (25.0.1+8) (build 25.0.1+8-LTS)
# Java VM: OpenJDK 64-Bit Server VM Temurin-25.0.1+8 (25.0.1+8-LTS, mixed mode, sharing, tiered, compressed oops, compressed class ptrs, g1 gc, windows-amd64)
GC Precious Log:
 CardTable entry size: 512
 Card Set container configuration: InlinePtr #cards 5 size 8 Array Of Cards #cards 10 size 36 Howl #buckets 4 coarsen threshold 1843 Howl Bitmap #cards 512 size 80 coarsen threshold 460 Card regions per heap region 1 cards per card region 2048
 CPUs: 8 total, 8 available
 Memory: 7982M
 Large Page Support: Disabled
 NUMA Support: Disabled
 Compressed Oops: Enabled (32-bit)
 Heap Region Size: 1M
 Heap Min Capacity: 128M
 Heap Initial Capacity: 128M
 Heap Max Capacity: 512M
 Pre-touch: Disabled
 Parallel Workers: 8
 Concurrent Workers: 2
 Concurrent Refinement Workers: 8
 Periodic GC: Disabled
Heap:
 garbage-first heap   total reserved 524288K, committed 133120K, used 88954K [0x00000000e0000000, 0x0000000100000000)
  region size 1024K, 70 young (71680K), 1 survivors (1024K)
GC Heap Usage History (20 events):
Event: 17499.422 {heap Before GC invocations=185 (full 0):
 garbage-first heap   total reserved 524288K, committed 133120K, used 96126K [0x00000000e0000000, 0x0000000100000000)
  region size 1024K, 76 young (77824K), 1 survivors (1024K)
}
Event: 17499.424 {heap After GC invocations=186 (full 0):
 garbage-first heap   total reserved 524288K, committed 133120K, used 19324K [0x00000000e0000000, 0x0000000100000000)
  region size 1024K, 1 young (1024K), 1 survivors (1024K)
}
Event: 17532.387 {heap Before GC invocations=186 (full 0):
 garbage-first heap   total reserved 524288K, committed 133120K, used 96124K [0x00000000e0000000, 0x0000000100000000)
  region size 1024K, 76 young (77824K), 1 survivors (1024K)
}
Event: 17532.388 {heap After GC invocations=187 (full 0):
 garbage-first heap   total reserved 524288K, committed 133120K, used 19324K [0x00000000e0000000, 0x0000000100000000)
  region size 1024K, 1 young (1024K), 1 survivors (1024K)
}
Event: 17564.159 {heap Before GC invocations=187 (full 0):
 garbage-first heap   total reserved 524288K, committed 133120K, used 96124K [0x00000000e0000000, 0x0000000100000000)
  region size 1024K, 76 young (77824K), 1 survivors (1024K)
}
Event: 17564.160 {heap After GC invocations=188 (full 0):
 garbage-first heap   total reserved 524288K, committed 133120K, used 19324K [0x00000000e0000000, 0x0000000100000000)
  region size 1024K, 1 young (1024K), 1 survivors (1024K)
}
Event: 17596.126 {heap Before GC invocations=188 (full 0):
 garbage-first heap   total reserved 524288K, committed 133120K, used 96124K [0x00000000e0000000, 0x0000000100000000)
  region size 1024K, 76 young (77824K), 1 survivors (1024K)
}
Event: 17596.127 {heap After GC invocations=189 (full 0):
 garbage-first heap   total reserved 524288K, committed 133120K, used 19326K [0x00000000e0000000, 0x0000000100000000)
  region size 1024K, 1 young (1024K), 1 survivors (1024K)
}
Event: 17627.413 {heap Before GC invocations=189 (full 0):
 garbage-first heap   total reserved 524288K, committed 133120K, used 96126K [0x00000000e0000000, 0x0000000100000000)
  region size 1024K, 76 young (77824K), 1 survivors (1024K)
}
Event: 17627.415 {heap After GC invocations=190 (full 0):
 garbage-first heap   total reserved 524288K, committed 133120K, used 19324K [0x00000000e0000000, 0x0000000100000000)
  region size 1024K, 1 young (1024K), 1 survivors (1024K)
}
Event: 17659.568 {heap Before GC invocations=190 (full 0):
 garbage-first heap   total reserved 524288K, committed 133120K, used 96124K [0x00000000e0000000, 0x0000000100000000)
  region size 1024K, 76 young (77824K), 1 survivors (1024K)
}
Event: 17659.571 {heap After GC invocations=191 (full 0):
 garbage-first heap   total reserved 524288K, committed 133120K, used 19320K [0x00000000e0000000, 0x0000000100000000)
  region size 1024K, 1 young (1024K), 1 survivors (1024K)
}
Event: 17694.957 {heap Before GC invocations=191 (full 0):
 garbage-first heap   total reserved 524288K, committed 133120K, used 96120K [0x00000000e0000000, 0x0000000100000000)
  region size 1024K, 76 young (77824K), 1 survivors (1024K)
}
Event: 17694.958 {heap After GC invocations=192 (full 0):
 garbage-first heap   total reserved 524288K, committed 133120K, used 19324K [0x00000000e0000000, 0x0000000100000000)
  region size 1024K, 1 young (1024K), 1 survivors (1024K)
}
Event: 17726.855 {heap Before GC invocations=192 (full 0):
 garbage-first heap   total reserved 524288K, committed 133120K, used 96124K [0x00000000e0000000, 0x0000000100000000)
  region size 1024K, 76 young (77824K), 1 survivors (1024K)
}
Event: 17726.858 {heap After GC invocations=193 (full 0):
 garbage-first heap   total reserved 524288K, committed 133120K, used 19324K [0x00000000e0000000, 0x0000000100000000)
  region size 1024K, 1 young (1024K), 1 survivors (1024K)
}
Event: 17759.769 {heap Before GC invocations=193 (full 0):
 garbage-first heap   total reserved 524288K, committed 133120K, used 96124K [0x00000000e0000000, 0x0000000100000000)
  region size 1024K, 76 young (77824K), 1 survivors (1024K)
}
Event: 17759.770 {heap After GC invocations=194 (full 0):
 garbage-first heap   total reserved 524288K, committed 133120K, used 19322K [0x00000000e0000000, 0x0000000100000000)
  region size 1024K, 1 young (1024K), 1 survivors (1024K)
}
Event: 17792.818 {heap Before GC invocations=194 (full 0):
 garbage-first heap   total reserved 524288K, committed 133120K, used 96122K [0x00000000e0000000, 0x0000000100000000)
  region size 1024K, 76 young (77824K), 1 survivors (1024K)
}
Event: 17792.821 {heap After GC invocations=195 (full 0):
 garbage-first heap   total reserved 524288K, committed 133120K, used 19322K [0x00000000e0000000, 0x0000000100000000)
  region size 1024K, 1 young (1024K), 1 survivors (1024K)
}

