# JRE version: OpenJDK Runtime Environment Temurin-25.0.1+8 (25.0.1+8) (build 25.0.1+8-LTS)
# Java VM: OpenJDK 64-Bit Server VM Temurin-25.0.1+8 (25.0.1+8-LTS, mixed mode, sharing, tiered, compressed oops, compressed class ptrs, g1 gc, windows-amd64)
GC Precious Log:
 CardTable entry size: 512
 Card Set container configuration: InlinePtr #cards 5 size 8 Array Of Cards #cards 10 size 36 Howl #buckets 4 coarsen threshold 1843 Howl Bitmap #cards 512 size 80 coarsen threshold 460 Card regions per heap region 1 cards per card region 2048
 CPUs: 8 total, 8 available
 Memory: 7982M
 Large Page Support: Disabled
 NUMA Support: Disabled
 Compressed Oops: Enabled (32-bit)
 Heap Region Size: 1M
 Heap Min Capacity: 128M
 Heap Initial Capacity: 128M
 Heap Max Capacity: 512M
 Pre-touch: Disabled
 Parallel Workers: 8
 Concurrent Workers: 2
 Concurrent Refinement Workers: 8
 Periodic GC: Disabled
Heap:
 garbage-first heap   total reserved 524288K, committed 133120K, used 46527K [0x00000000e0000000, 0x0000000100000000)
  region size 1024K, 29 young (29696K), 1 survivors (1024K)
GC Heap Usage History (20 events):
Event: 2649.604 {heap Before GC invocations=26 (full 0):
 garbage-first heap   total reserved 524288K, committed 133120K, used 93613K [0x00000000e0000000, 0x0000000100000000)
  region size 1024K, 76 young (77824K), 3 survivors (3072K)
}
Event: 2649.607 {heap After GC invocations=27 (full 0):
 garbage-first heap   total reserved 524288K, committed 133120K, used 18863K [0x00000000e0000000, 0x0000000100000000)
  region size 1024K, 3 young (3072K), 3 survivors (3072K)
}
Event: 2716.562 {heap Before GC invocations=27 (full 0):
 garbage-first heap   total reserved 524288K, committed 133120K, used 93615K [0x00000000e0000000, 0x0000000100000000)
  region size 1024K, 76 young (77824K), 3 survivors (3072K)
}
Event: 2716.564 {heap After GC invocations=28 (full 0):
 garbage-first heap   total reserved 524288K, committed 133120K, used 18863K [0x00000000e0000000, 0x0000000100000000)
  region size 1024K, 3 young (3072K), 3 survivors (3072K)
}
Event: 2786.311 {heap Before GC invocations=28 (full 0):
 garbage-first heap   total reserved 524288K, committed 133120K, used 93615K [0x00000000e0000000, 0x0000000100000000)
  region size 1024K, 76 young (77824K), 3 survivors (3072K)
}
Event: 2786.313 {heap After GC invocations=29 (full 0):
 garbage-first heap   total reserved 524288K, committed 133120K, used 18864K [0x00000000e0000000, 0x0000000100000000)
  region size 1024K, 3 young (3072K), 3 survivors (3072K)
}
Event: 2851.806 {heap Before GC invocations=29 (full 0):
 garbage-first heap   total reserved 524288K, committed 133120K, used 93616K [0x00000000e0000000, 0x0000000100000000)
  region size 1024K, 76 young (77824K), 3 survivors (3072K)
}
Event: 2851.809 {heap After GC invocations=30 (full 0):
 garbage-first heap   total reserved 524288K, committed 133120K, used 18866K [0x00000000e0000000, 0x0000000100000000)
  region size 1024K, 3 young (3072K), 3 survivors (3072K)
}
Event: 2918.573 {heap Before GC invocations=30 (full 0):
 garbage-first heap   total reserved 524288K, committed 133120K, used 93618K [0x00000000e0000000, 0x0000000100000000)
  region size 1024K, 76 young (77824K), 3 survivors (3072K)
}
Event: 2918.575 {heap After GC invocations=31 (full 0):
 garbage-first heap   total reserved 524288K, committed 133120K, used 18867K [0x00000000e0000000, 0x0000000100000000)
  region size 1024K, 3 young (3072K), 3 survivors (3072K)
}
Event: 2985.414 {heap Before GC invocations=31 (full 0):
 garbage-first heap   total reserved 524288K, committed 133120K, used 93619K [0x00000000e0000000, 0x0000000100000000)
  region size 1024K, 76 young (77824K), 3 survivors (3072K)
}
Event: 2985.416 {heap After GC invocations=32 (full 0):
 garbage-first heap   total reserved 524288K, committed 133120K, used 18870K [0x00000000e0000000, 0x0000000100000000)
  region size 1024K, 3 young (3072K), 3 survivors (3072K)
}
Event: 3048.768 {heap Before GC invocations=32 (full 0):
 garbage-first heap   total reserved 524288K, committed 133120K, used 93622K [0x00000000e0000000, 0x0000000100000000)
  region size 1024K, 76 young (77824K), 3 survivors (3072K)
}
Event: 3048.794 {heap After GC invocations=33 (full 0):
 garbage-first heap   total reserved 524288K, committed 133120K, used 18873K [0x00000000e0000000, 0x0000000100000000)
  region size 1024K, 3 young (3072K), 3 survivors (3072K)
}
Event: 3089.581 {heap Before GC invocations=33 (full 0):
 garbage-first heap   total reserved 524288K, committed 133120K, used 93625K [0x00000000e0000000, 0x0000000100000000)
  region size 1024K, 76 young (77824K), 3 survivors (3072K)
}
Event: 3089.584 {heap After GC invocations=34 (full 0):
 garbage-first heap   total reserved 524288K, committed 133120K, used 18872K [0x00000000e0000000, 0x0000000100000000)
  region size 1024K, 3 young (3072K), 3 survivors (3072K)
}
Event: 3128.129 {heap Before GC invocations=34 (full 0):
 garbage-first heap   total reserved 524288K, committed 133120K, used 93624K [0x00000000e0000000, 0x0000000100000000)
  region size 1024K, 76 young (77824K), 3 survivors (3072K)
}
Event: 3128.167 {heap After GC invocations=35 (full 0):
 garbage-first heap   total reserved 524288K, committed 133120K, used 18882K [0x00000000e0000000, 0x0000000100000000)
  region size 1024K, 1 young (1024K), 1 survivors (1024K)
}
Event: 3161.264 {heap Before GC invocations=35 (full 0):
 garbage-first heap   total reserved 524288K, committed 133120K, used 95682K [0x00000000e0000000, 0x0000000100000000)
  region size 1024K, 76 young (77824K), 1 survivors (1024K)
}
Event: 3161.265 {heap After GC invocations=36 (full 0):
 garbage-first heap   total reserved 524288K, committed 133120K, used 18879K [0x00000000e0000000, 0x0000000100000000)
  region size 1024K, 1 young (1024K), 1 survivors (1024K)
}

